#
# A fatal error has been detected by the Java Runtime Environment:
#
#  Internal Error (javaClasses.cpp:136), pid=5432, tid=4568
#  fatal error: Invalid layout of preloaded class
#
# JRE version:  (7.0_51-b13) (build )
# Java VM: Java HotSpot(TM) 64-Bit Server VM (24.51-b03 mixed mode windows-amd64 compressed oops)
# Failed to write core dump. Minidumps are not enabled by default on client versions of Windows
#
# If you would like to submit a bug report, please visit:
#   http://bugreport.sun.com/bugreport/crash.jsp
#

---------------  T H R E A D  ---------------

Current thread (0x0000000001f5d800):  JavaThread "Unknown thread" [_thread_in_vm, id=4568, stack(0x0000000002150000,0x0000000002250000)]

Stack: [0x0000000002150000,0x0000000002250000]

---------------  P R O C E S S  ---------------

Java Threads: ( => current thread )

Other Threads:

=>0x0000000001f5d800 (exited) JavaThread "Unknown thread" [_thread_in_vm, id=4568, stack(0x0000000002150000,0x0000000002250000)]

VM state:not at safepoint (not fully initialized)

VM Mutex/Monitor currently owned by a thread: None

GC Heap History (0 events):
No events

Deoptimization events (0 events):
No events

Internal exceptions (0 events):
No events

Events (10 events):
Event: 0.017 loading class 0x0000000001ebc340 done
Event: 0.017 loading class 0x0000000001ebbd60 done
Event: 0.017 loading class 0x0000000001ebbd40
Event: 0.017 loading class 0x0000000001ec3e40
Event: 0.017 loading class 0x0000000001ec3e40 done
Event: 0.017 loading class 0x0000000001ec3e70
Event: 0.018 loading class 0x0000000001ec3e70 done
Event: 0.018 loading class 0x0000000001ec3ea0
Event: 0.018 loading class 0x0000000001ec3ea0 done
Event: 0.018 loading class 0x0000000001ebbd40 done


Dynamic libraries:
0x000000013fc60000 - 0x000000013fc93000 	C:\Program Files\Java\jre7\bin\javaw.exe
0x0000000077290000 - 0x0000000077439000 	C:\Windows\SYSTEM32\ntdll.dll
0x0000000077170000 - 0x000000007728f000 	C:\Windows\system32\kernel32.dll
0x000007fefd300000 - 0x000007fefd36c000 	C:\Windows\system32\KERNELBASE.dll
0x0000000063470000 - 0x0000000063502000 	C:\Program Files\Bitdefender\Bitdefender\Active Virus Control\Avc3_00270_015\avcuf64.dll
0x000007feff4c0000 - 0x000007feff59b000 	C:\Windows\system32\ADVAPI32.dll
0x000007fefdb40000 - 0x000007fefdbdf000 	C:\Windows\system32\msvcrt.dll
0x000007fefd850000 - 0x000007fefd86f000 	C:\Windows\SYSTEM32\sechost.dll
0x000007fefeb10000 - 0x000007fefec3d000 	C:\Windows\system32\RPCRT4.dll
0x0000000077070000 - 0x000000007716a000 	C:\Windows\system32\USER32.dll
0x000007feff430000 - 0x000007feff497000 	C:\Windows\system32\GDI32.dll
0x000007fefec90000 - 0x000007fefec9e000 	C:\Windows\system32\LPK.dll
0x000007feff360000 - 0x000007feff429000 	C:\Windows\system32\USP10.dll
0x000007fefa6e0000 - 0x000007fefa8d4000 	C:\Windows\WinSxS\amd64_microsoft.windows.common-controls_6595b64144ccf1df_6.0.7601.17514_none_fa396087175ac9ac\COMCTL32.dll
0x000007fefdc60000 - 0x000007fefdcd1000 	C:\Windows\system32\SHLWAPI.dll
0x000007feff0f0000 - 0x000007feff11e000 	C:\Windows\system32\IMM32.DLL
0x000007fefecb0000 - 0x000007fefedb9000 	C:\Windows\system32\MSCTF.dll
0x00000000696a0000 - 0x0000000069772000 	C:\Program Files\Java\jre7\bin\msvcr100.dll
0x000000005cf10000 - 0x000000005d6d9000 	C:\Program Files\Java\jre7\bin\server\jvm.dll
0x000007fef2b30000 - 0x000007fef2b39000 	C:\Windows\system32\WSOCK32.dll
0x000007fefec40000 - 0x000007fefec8d000 	C:\Windows\system32\WS2_32.dll
0x000007fefeca0000 - 0x000007fefeca8000 	C:\Windows\system32\NSI.dll
0x000007fefbee0000 - 0x000007fefbf1b000 	C:\Windows\system32\WINMM.dll
0x0000000077450000 - 0x0000000077457000 	C:\Windows\system32\PSAPI.DLL
0x000000006ced0000 - 0x000000006cedf000 	C:\Program Files\Java\jre7\bin\verify.dll
0x000000006cea0000 - 0x000000006cec8000 	C:\Program Files\Java\jre7\bin\java.dll
0x000000006b540000 - 0x000000006b555000 	C:\Program Files\Java\jre7\bin\zip.dll

VM Arguments:
jvm_args: -Dfile.encoding=Cp1252 -Xbootclasspath:C:\Users\Student\Downloads\adt-bundle-windows-x86_64-20140702\sdk\platforms\android-19\android.jar 
java_command: com.example.splashscreen.GhostBoard
Launcher Type: SUN_STANDARD

Environment Variables:
PATH=C:\Windows\system32;C:\Windows;C:\Windows\System32\Wbem;C:\Windows\System32\WindowsPowerShell\v1.0\;C:\Program Files\Intel\DMIX;C:\Program Files (x86)\QuickTime\QTSystem\
USERNAME=Student
OS=Windows_NT
PROCESSOR_IDENTIFIER=Intel64 Family 6 Model 58 Stepping 9, GenuineIntel



---------------  S Y S T E M  ---------------

OS: Windows 7 , 64 bit Build 7601 Service Pack 1

CPU:total 4 (2 cores per cpu, 2 threads per core) family 6 model 58 stepping 9, cmov, cx8, fxsr, mmx, sse, sse2, sse3, ssse3, sse4.1, sse4.2, popcnt, avx, aes, erms, ht, tsc, tscinvbit, tscinv

Memory: 4k page, physical 8272168k(2427424k free), swap 16542472k(8304524k free)

vm_info: Java HotSpot(TM) 64-Bit Server VM (24.51-b03) for windows-amd64 JRE (1.7.0_51-b13), built on Dec 18 2013 18:40:56 by "java_re" with unknown MS VC++:1600

time: Mon Nov 17 19:38:48 2014
elapsed time: 0 seconds

